# JRE version: OpenJDK Runtime Environment (8.0_76-b03) (build 1.8.0_76-release-b03)
# Java VM: OpenJDK 64-Bit Server VM (25.76-b03 mixed mode windows-amd64 compressed oops)
Heap:
 PSYoungGen      total 138240K, used 45590K [0x00000000eab00000, 0x00000000f6f80000, 0x0000000100000000)
  eden space 133120K, 30% used [0x00000000eab00000,0x00000000ed289b70,0x00000000f2d00000)
  from space 5120K, 99% used [0x00000000f2d00000,0x00000000f31fc040,0x00000000f3200000)
  to   space 14336K, 0% used [0x00000000f6180000,0x00000000f6180000,0x00000000f6f80000)
 ParOldGen       total 62464K, used 21252K [0x00000000c0000000, 0x00000000c3d00000, 0x00000000eab00000)
  object space 62464K, 34% used [0x00000000c0000000,0x00000000c14c11f0,0x00000000c3d00000)
 Metaspace       used 33344K, capacity 34124K, committed 34304K, reserved 1079296K
  class space    used 4412K, capacity 4607K, committed 4608K, reserved 1048576K
GC Heap History (10 events):
Event: 4.921 GC heap before
{Heap before GC invocations=2 (full 0):
 PSYoungGen      total 38400K, used 37469K [0x00000000eab00000, 0x00000000ef600000, 0x0000000100000000)
  eden space 33280K, 100% used [0x00000000eab00000,0x00000000ecb80000,0x00000000ecb80000)
  from space 5120K, 81% used [0x00000000ecb80000,0x00000000ecf974c0,0x00000000ed080000)
  to   space 5120K, 0% used [0x00000000ef100000,0x00000000ef100000,0x00000000ef600000)
 ParOldGen       total 87552K, used 8K [0x00000000c0000000, 0x00000000c5580000, 0x00000000eab00000)
  object space 87552K, 0% used [0x00000000c0000000,0x00000000c0002000,0x00000000c5580000)
 Metaspace       used 12718K, capacity 13066K, committed 13184K, reserved 1060864K
  class space    used 1698K, capacity 1817K, committed 1920K, reserved 1048576K
Event: 4.935 GC heap after
Heap after GC invocations=2 (full 0):
 PSYoungGen      total 71680K, used 5116K [0x00000000eab00000, 0x00000000ef600000, 0x0000000100000000)
  eden space 66560K, 0% used [0x00000000eab00000,0x00000000eab00000,0x00000000eec00000)
  from space 5120K, 99% used [0x00000000ef100000,0x00000000ef5ff000,0x00000000ef600000)
  to   space 5120K, 0% used [0x00000000eec00000,0x00000000eec00000,0x00000000ef100000)
 ParOldGen       total 87552K, used 1102K [0x00000000c0000000, 0x00000000c5580000, 0x00000000eab00000)
  object space 87552K, 1% used [0x00000000c0000000,0x00000000c0113b38,0x00000000c5580000)
 Metaspace       used 12718K, capacity 13066K, committed 13184K, reserved 1060864K
  class space    used 1698K, capacity 1817K, committed 1920K, reserved 1048576K
}
Event: 7.897 GC heap before
{Heap before GC invocations=3 (full 0):
 PSYoungGen      total 71680K, used 47837K [0x00000000eab00000, 0x00000000ef600000, 0x0000000100000000)
  eden space 66560K, 64% used [0x00000000eab00000,0x00000000ed4b8728,0x00000000eec00000)
  from space 5120K, 99% used [0x00000000ef100000,0x00000000ef5ff000,0x00000000ef600000)
  to   space 5120K, 0% used [0x00000000eec00000,0x00000000eec00000,0x00000000ef100000)
 ParOldGen       total 87552K, used 1102K [0x00000000c0000000, 0x00000000c5580000, 0x00000000eab00000)
  object space 87552K, 1% used [0x00000000c0000000,0x00000000c0113b38,0x00000000c5580000)
 Metaspace       used 20810K, capacity 21182K, committed 21296K, reserved 1067008K
  class space    used 2751K, capacity 2891K, committed 2944K, reserved 1048576K
Event: 7.914 GC heap after
Heap after GC invocations=3 (full 0):
 PSYoungGen      total 71680K, used 5112K [0x00000000eab00000, 0x00000000f3700000, 0x0000000100000000)
  eden space 66560K, 0% used [0x00000000eab00000,0x00000000eab00000,0x00000000eec00000)
  from space 5120K, 99% used [0x00000000eec00000,0x00000000ef0fe0d0,0x00000000ef100000)
  to   space 5120K, 0% used [0x00000000f3200000,0x00000000f3200000,0x00000000f3700000)
 ParOldGen       total 87552K, used 7642K [0x00000000c0000000, 0x00000000c5580000, 0x00000000eab00000)
  object space 87552K, 8% used [0x00000000c0000000,0x00000000c0776be0,0x00000000c5580000)
 Metaspace       used 20810K, capacity 21182K, committed 21296K, reserved 1067008K
  class space    used 2751K, capacity 2891K, committed 2944K, reserved 1048576K
}
Event: 7.914 GC heap before
{Heap before GC invocations=4 (full 1):
 PSYoungGen      total 71680K, used 5112K [0x00000000eab00000, 0x00000000f3700000, 0x0000000100000000)
  eden space 66560K, 0% used [0x00000000eab00000,0x00000000eab00000,0x00000000eec00000)
  from space 5120K, 99% used [0x00000000eec00000,0x00000000ef0fe0d0,0x00000000ef100000)
  to   space 5120K, 0% used [0x00000000f3200000,0x00000000f3200000,0x00000000f3700000)
 ParOldGen       total 87552K, used 7642K [0x00000000c0000000, 0x00000000c5580000, 0x00000000eab00000)
  object space 87552K, 8% used [0x00000000c0000000,0x00000000c0776be0,0x00000000c5580000)
 Metaspace       used 20810K, capacity 21182K, committed 21296K, reserved 1067008K
  class space    used 2751K, capacity 2891K, committed 2944K, reserved 1048576K
Event: 7.998 GC heap after
Heap after GC invocations=4 (full 1):
 PSYoungGen      total 71680K, used 0K [0x00000000eab00000, 0x00000000f3700000, 0x0000000100000000)
  eden space 66560K, 0% used [0x00000000eab00000,0x00000000eab00000,0x00000000eec00000)
  from space 5120K, 0% used [0x00000000eec00000,0x00000000eec00000,0x00000000ef100000)
  to   space 5120K, 0% used [0x00000000f3200000,0x00000000f3200000,0x00000000f3700000)
 ParOldGen       total 62464K, used 11292K [0x00000000c0000000, 0x00000000c3d00000, 0x00000000eab00000)
  object space 62464K, 18% used [0x00000000c0000000,0x00000000c0b07330,0x00000000c3d00000)
 Metaspace       used 20810K, capacity 21182K, committed 21296K, reserved 1067008K
  class space    used 2751K, capacity 2891K, committed 2944K, reserved 1048576K
}
Event: 10.867 GC heap before
{Heap before GC invocations=5 (full 1):
 PSYoungGen      total 71680K, used 66560K [0x00000000eab00000, 0x00000000f3700000, 0x0000000100000000)
  eden space 66560K, 100% used [0x00000000eab00000,0x00000000eec00000,0x00000000eec00000)
  from space 5120K, 0% used [0x00000000eec00000,0x00000000eec00000,0x00000000ef100000)
  to   space 5120K, 0% used [0x00000000f3200000,0x00000000f3200000,0x00000000f3700000)
 ParOldGen       total 62464K, used 11292K [0x00000000c0000000, 0x00000000c3d00000, 0x00000000eab00000)
  object space 62464K, 18% used [0x00000000c0000000,0x00000000c0b07330,0x00000000c3d00000)
 Metaspace       used 26264K, capacity 26836K, committed 27008K, reserved 1073152K
  class space    used 3425K, capacity 3588K, committed 3712K, reserved 1048576K
Event: 10.882 GC heap after
Heap after GC invocations=5 (full 1):
 PSYoungGen      total 114176K, used 5112K [0x00000000eab00000, 0x00000000f3700000, 0x0000000100000000)
  eden space 109056K, 0% used [0x00000000eab00000,0x00000000eab00000,0x00000000f1580000)
  from space 5120K, 99% used [0x00000000f3200000,0x00000000f36fe3b8,0x00000000f3700000)
  to   space 5120K, 0% used [0x00000000f2d00000,0x00000000f2d00000,0x00000000f3200000)
 ParOldGen       total 62464K, used 14879K [0x00000000c0000000, 0x00000000c3d00000, 0x00000000eab00000)
  object space 62464K, 23% used [0x00000000c0000000,0x00000000c0e87ca8,0x00000000c3d00000)
 Metaspace       used 26264K, capacity 26836K, committed 27008K, reserved 1073152K
  class space    used 3425K, capacity 3588K, committed 3712K, reserved 1048576K
}
Event: 15.539 GC heap before
{Heap before GC invocations=6 (full 1):
 PSYoungGen      total 114176K, used 114168K [0x00000000eab00000, 0x00000000f3700000, 0x0000000100000000)
  eden space 109056K, 100% used [0x00000000eab00000,0x00000000f1580000,0x00000000f1580000)
  from space 5120K, 99% used [0x00000000f3200000,0x00000000f36fe3b8,0x00000000f3700000)
  to   space 5120K, 0% used [0x00000000f2d00000,0x00000000f2d00000,0x00000000f3200000)
 ParOldGen       total 62464K, used 14879K [0x00000000c0000000, 0x00000000c3d00000, 0x00000000eab00000)
  object space 62464K, 23% used [0x00000000c0000000,0x00000000c0e87ca8,0x00000000c3d00000)
 Metaspace       used 31355K, capacity 31984K, committed 32256K, reserved 1077248K
  class space    used 4179K, capacity 4315K, committed 4352K, reserved 1048576K
Event: 15.559 GC heap after
Heap after GC invocations=6 (full 1):
 PSYoungGen      total 138240K, used 5104K [0x00000000eab00000, 0x00000000f6f80000, 0x0000000100000000)
  eden space 133120K, 0% used [0x00000000eab00000,0x00000000eab00000,0x00000000f2d00000)
  from space 5120K, 99% used [0x00000000f2d00000,0x00000000f31fc040,0x00000000f3200000)
  to   space 14336K, 0% used [0x00000000f6180000,0x00000000f6180000,0x00000000f6f80000)
 ParOldGen       total 62464K, used 21252K [0x00000000c0000000, 0x00000000c3d00000, 0x00000000eab00000)
  object space 62464K, 34% used [0x00000000c0000000,0x00000000c14c11f0,0x00000000c3d00000)
 Metaspace       used 31355K, capacity 31984K, committed 32256K, reserved 1077248K
  class space    used 4179K, capacity 4315K, committed 4352K, reserved 1048576K
}

